2024-11-22 09:55:42 [JavaFX Application Thread] INFO : Destination folder selected.: C:\Users\user\Pictures\Camera Roll
2024-11-22 09:55:43 [JavaFX Application Thread] INFO : Folder sizes calculated for: C:\Users\user\Pictures\Camera Roll
2024-11-22 09:55:43 [JavaFX Application Thread] INFO : Folder sizes displayed for: C:\Users\user\Pictures\Camera Roll
2024-11-22 09:55:50 [JavaFX Application Thread] INFO : Source file selected.: C:\Users\user\Downloads\sqlite-amalgamation-3470000.zip
2024-11-22 09:55:51 [JavaFX Application Thread] INFO : File copied: C:\Users\user\Downloads\sqlite-amalgamation-3470000.zip -> C:\Users\user\Pictures\Camera Roll\sqlite-amalgamation-3470000.zip
2024-11-22 09:55:51 [JavaFX Application Thread] INFO : File copied: C:\Users\user\Downloads\sqlite-amalgamation-3470000.zip -> C:\Users\user\Pictures\Camera Roll
2024-11-22 09:55:52 [JavaFX Application Thread] INFO : Folder sizes calculated for: C:\Users\user\Pictures\Camera Roll
2024-11-22 09:55:52 [JavaFX Application Thread] INFO : Folder sizes displayed for: C:\Users\user\Pictures\Camera Roll
2024-11-22 09:56:11 [JavaFX Application Thread] INFO : Log cleared.
2024-11-22 09:56:15 [JavaFX Application Thread] INFO : Log cleared.
2024-11-22 09:56:15 [JavaFX Application Thread] INFO : Log cleared.
2024-11-22 09:56:15 [JavaFX Application Thread] INFO : Log cleared.
2024-11-22 09:56:15 [JavaFX Application Thread] INFO : Log cleared.
2024-11-22 09:58:49 [JavaFX Application Thread] INFO : Log cleared.
2024-11-22 10:00:13 [JavaFX Application Thread] INFO : Source file selected.: C:\Users\user\Music\openjfx-23.0.1_windows-x64_bin-jmods.zip
2024-11-22 10:00:53 [JavaFX Application Thread] INFO : Destination folder selected.: C:\Users\user\Pictures\Screenshots
2024-11-22 10:01:13 [JavaFX Application Thread] INFO : Log cleared.
2024-11-22 13:07:39 [JavaFX Application Thread] INFO : Log cleared.
2024-11-22 13:08:23 [JavaFX Application Thread] INFO : Log cleared.
2024-11-22 13:08:24 [JavaFX Application Thread] INFO : Log cleared.
2024-11-22 13:08:24 [JavaFX Application Thread] INFO : Log cleared.
2024-11-22 13:08:24 [JavaFX Application Thread] INFO : Log cleared.
2024-11-26 23:41:56 [JavaFX Application Thread] INFO : Destination folder selected.: C:\Users\XedRed\Desktop
2024-11-26 23:41:57 [JavaFX Application Thread] INFO : Folder sizes calculated for: C:\Users\XedRed\Desktop
2024-11-26 23:41:57 [JavaFX Application Thread] INFO : Folder sizes displayed for: C:\Users\XedRed\Desktop
2024-11-26 23:42:04 [JavaFX Application Thread] INFO : Source file selected.: E:\README.txt
2024-11-26 23:42:35 [JavaFX Application Thread] INFO : Error: File does not exist: E:\README.txt
2024-11-27 14:52:33 [JavaFX Application Thread] INFO : Destination folder selected.: C:\Users\XedRed\Downloads
2024-11-27 14:52:36 [JavaFX Application Thread] INFO : Folder sizes calculated for: C:\Users\XedRed\Downloads
2024-11-27 14:52:36 [JavaFX Application Thread] INFO : Folder sizes displayed for: C:\Users\XedRed\Downloads
2024-12-02 21:11:54 [JavaFX Application Thread] INFO : Log cleared.
2024-12-02 22:56:21 [JavaFX Application Thread] INFO : Log cleared.
2024-12-02 23:09:30 [JavaFX Application Thread] INFO : Log cleared.
2024-12-02 23:20:54 [JavaFX Application Thread] INFO : Destination folder selected.: C:\Users\XedRed\Desktop
2024-12-02 23:20:55 [JavaFX Application Thread] INFO : Folder sizes calculated for: C:\Users\XedRed\Desktop
2024-12-02 23:20:55 [JavaFX Application Thread] INFO : Folder sizes displayed for: C:\Users\XedRed\Desktop
2024-12-03 15:22:28 [JavaFX Application Thread] INFO : List cleared.
2024-12-03 15:22:37 [JavaFX Application Thread] INFO : Destination folder selected.: C:\Users\XedRed\Desktop
2024-12-03 15:22:39 [JavaFX Application Thread] INFO : Folder sizes calculated for: C:\Users\XedRed\Desktop
2024-12-03 15:22:39 [JavaFX Application Thread] INFO : Folder files displayed for: C:\Users\XedRed\Desktop
2024-12-03 15:22:53 [JavaFX Application Thread] INFO : List cleared.
2024-12-03 15:22:53 [JavaFX Application Thread] INFO : List cleared.
2024-12-03 23:41:06 [JavaFX Application Thread] INFO : List cleared.
