2024-12-03 15:01:19 [JavaFX Application Thread] INFO : Source file selected.: C:\appverifUI.dll
2024-12-03 15:01:27 [JavaFX Application Thread] INFO : Destination folder selected.: C:\Users\XedRed\Videos
2024-12-03 15:01:32 [JavaFX Application Thread] INFO : Folder sizes calculated for: C:\Users\XedRed\Videos
2024-12-03 15:01:32 [JavaFX Application Thread] INFO : Folder sizes displayed for: C:\Users\XedRed\Videos
2024-12-03 15:01:39 [JavaFX Application Thread] INFO : Log cleared.
2024-12-03 15:01:53 [JavaFX Application Thread] INFO : Folder sizes calculated for: C:\Users\XedRed\Videos
2024-12-03 15:01:53 [JavaFX Application Thread] INFO : Folder sizes displayed for: C:\Users\XedRed\Videos
2024-12-03 15:02:54 [JavaFX Application Thread] INFO : Log cleared.
2024-12-03 15:02:56 [JavaFX Application Thread] INFO : Folder sizes calculated for: C:\Users\XedRed\Videos
2024-12-03 15:02:56 [JavaFX Application Thread] INFO : Folder sizes displayed for: C:\Users\XedRed\Videos
2024-12-03 15:02:57 [JavaFX Application Thread] INFO : Log cleared.
2024-12-03 15:02:58 [JavaFX Application Thread] INFO : Folder sizes calculated for: C:\Users\XedRed\Videos
2024-12-03 15:02:58 [JavaFX Application Thread] INFO : Folder sizes displayed for: C:\Users\XedRed\Videos
2024-12-03 15:03:00 [JavaFX Application Thread] INFO : Log cleared.
2024-12-03 15:03:51 [JavaFX Application Thread] INFO : Log cleared.
2024-12-03 15:03:53 [JavaFX Application Thread] INFO : Log cleared.
2024-12-03 15:03:54 [JavaFX Application Thread] INFO : Log cleared.
2024-12-03 15:03:54 [JavaFX Application Thread] INFO : Log cleared.
2024-12-03 15:03:54 [JavaFX Application Thread] INFO : Log cleared.
2024-12-03 15:04:02 [JavaFX Application Thread] INFO : Log cleared.
2024-12-03 15:04:03 [JavaFX Application Thread] INFO : Folder sizes calculated for: C:\Users\XedRed\Videos
2024-12-03 15:04:03 [JavaFX Application Thread] INFO : Folder sizes displayed for: C:\Users\XedRed\Videos
2024-12-03 15:04:05 [JavaFX Application Thread] INFO : Log cleared.
2024-12-03 15:20:06 [JavaFX Application Thread] INFO : Destination folder selected.: C:\Users\XedRed\Desktop
2024-12-03 15:20:08 [JavaFX Application Thread] INFO : Folder sizes calculated for: C:\Users\XedRed\Desktop
2024-12-03 15:20:08 [JavaFX Application Thread] INFO : Folder sizes displayed for: C:\Users\XedRed\Desktop
2024-12-03 15:20:16 [JavaFX Application Thread] INFO : Log cleared.
2024-12-03 21:04:14 [JavaFX Application Thread] INFO : Destination folder selected.: C:\Users\XedRed\Downloads
2024-12-03 21:04:15 [JavaFX Application Thread] INFO : Folder sizes calculated for: C:\Users\XedRed\Downloads
2024-12-03 21:04:15 [JavaFX Application Thread] INFO : Folder files displayed for: C:\Users\XedRed\Downloads
2024-12-03 21:07:04 [JavaFX Application Thread] INFO : List cleared.
2024-12-03 21:46:29 [JavaFX Application Thread] INFO : Source file selected.: C:\Users\XedRed\Downloads\привет.txt
2024-12-03 21:47:00 [JavaFX Application Thread] INFO : Destination folder selected.: C:\Users\XedRed\Desktop
2024-12-03 21:48:16 [JavaFX Application Thread] INFO : Error: File does not exist: C:\Users\XedRed\Downloads\привет.txt
2024-12-03 21:52:29 [JavaFX Application Thread] INFO : Source file selected.: C:\Users\XedRed\Downloads\2_KyPC\diagram.json
2024-12-03 21:55:15 [JavaFX Application Thread] INFO : Destination folder selected.: C:\Users\XedRed\Desktop
2024-12-03 21:58:25 [JavaFX Application Thread] INFO : File copied: C:\Users\XedRed\Downloads\2_KyPC\diagram.json -> C:\Users\XedRed\Desktop\diagram.json
2024-12-03 21:58:25 [JavaFX Application Thread] INFO : File copied: C:\Users\XedRed\Downloads\2_KyPC\diagram.json -> C:\Users\XedRed\Desktop
2024-12-03 21:58:47 [JavaFX Application Thread] INFO : Destination folder selected.: C:\Users\XedRed\Documents\Настраиваемые шаблоны Office
2024-12-03 21:58:48 [JavaFX Application Thread] WARN : Folder is empty: C:\Users\XedRed\Documents\Настраиваемые шаблоны Office
2024-12-03 21:58:53 [JavaFX Application Thread] WARN : Folder is empty: C:\Users\XedRed\Documents\Настраиваемые шаблоны Office
2024-12-03 22:00:34 [JavaFX Application Thread] INFO : File copied: C:\Users\XedRed\Downloads\2_KyPC\diagram.json -> C:\Users\XedRed\Documents\Настраиваемые шаблоны Office\diagram.json
2024-12-03 22:00:34 [JavaFX Application Thread] INFO : File copied: C:\Users\XedRed\Downloads\2_KyPC\diagram.json -> C:\Users\XedRed\Documents\Настраиваемые шаблоны Office
2024-12-03 22:00:51 [JavaFX Application Thread] INFO : Source file selected.: C:\Users\XedRed\Downloads\Курсовая.docx
2024-12-03 22:00:52 [JavaFX Application Thread] INFO : File copied: C:\Users\XedRed\Downloads\Курсовая.docx -> C:\Users\XedRed\Documents\Настраиваемые шаблоны Office\Курсовая.docx
2024-12-03 22:00:52 [JavaFX Application Thread] INFO : File copied: C:\Users\XedRed\Downloads\Курсовая.docx -> C:\Users\XedRed\Documents\Настраиваемые шаблоны Office
2024-12-03 22:02:17 [JavaFX Application Thread] INFO : Folder sizes calculated for: C:\Users\XedRed\Documents\Настраиваемые шаблоны Office
2024-12-03 22:02:17 [JavaFX Application Thread] INFO : Folder files displayed for: C:\Users\XedRed\Documents\Настраиваемые шаблоны Office
2024-12-03 22:29:14 [JavaFX Application Thread] INFO : List cleared.
